{"C:\\Users\\Maria Ovidia\\Desktop\\Engenharia_Soft_2\\backend\\index.js": {"path":"C:\\Users\\Maria Ovidia\\Desktop\\Engenharia_Soft_2\\backend\\index.js","statementMap":{"0":{"start":{"line":3,"column":16},"end":{"line":3,"column":34}},"1":{"start":{"line":4,"column":14},"end":{"line":4,"column":31}},"2":{"start":{"line":5,"column":13},"end":{"line":5,"column":28}},"3":{"start":{"line":6,"column":15},"end":{"line":6,"column":34}},"4":{"start":{"line":7,"column":12},"end":{"line":7,"column":35}},"5":{"start":{"line":8,"column":0},"end":{"line":8,"column":27}},"6":{"start":{"line":10,"column":12},"end":{"line":10,"column":21}},"7":{"start":{"line":11,"column":13},"end":{"line":11,"column":17}},"8":{"start":{"line":13,"column":0},"end":{"line":17,"column":4}},"9":{"start":{"line":18,"column":0},"end":{"line":18,"column":24}},"10":{"start":{"line":20,"column":11},"end":{"line":27,"column":12}},"11":{"start":{"line":29,"column":19},"end":{"line":29,"column":52}},"12":{"start":{"line":32,"column":0},"end":{"line":48,"column":3}},"13":{"start":{"line":33,"column":2},"end":{"line":47,"column":3}},"14":{"start":{"line":34,"column":32},"end":{"line":34,"column":40}},"15":{"start":{"line":35,"column":4},"end":{"line":35,"column":92}},"16":{"start":{"line":35,"column":29},"end":{"line":35,"column":92}},"17":{"start":{"line":37,"column":25},"end":{"line":37,"column":91}},"18":{"start":{"line":38,"column":4},"end":{"line":38,"column":96}},"19":{"start":{"line":38,"column":31},"end":{"line":38,"column":96}},"20":{"start":{"line":40,"column":17},"end":{"line":40,"column":41}},"21":{"start":{"line":41,"column":27},"end":{"line":41,"column":60}},"22":{"start":{"line":43,"column":4},"end":{"line":43,"column":97}},"23":{"start":{"line":44,"column":4},"end":{"line":44,"column":73}},"24":{"start":{"line":46,"column":4},"end":{"line":46,"column":55}},"25":{"start":{"line":50,"column":0},"end":{"line":67,"column":3}},"26":{"start":{"line":51,"column":2},"end":{"line":66,"column":3}},"27":{"start":{"line":52,"column":32},"end":{"line":52,"column":40}},"28":{"start":{"line":53,"column":4},"end":{"line":53,"column":92}},"29":{"start":{"line":53,"column":29},"end":{"line":53,"column":92}},"30":{"start":{"line":55,"column":20},"end":{"line":55,"column":85}},"31":{"start":{"line":56,"column":4},"end":{"line":56,"column":98}},"32":{"start":{"line":56,"column":28},"end":{"line":56,"column":98}},"33":{"start":{"line":58,"column":17},"end":{"line":58,"column":25}},"34":{"start":{"line":59,"column":28},"end":{"line":59,"column":70}},"35":{"start":{"line":60,"column":4},"end":{"line":60,"column":96}},"36":{"start":{"line":60,"column":26},"end":{"line":60,"column":96}},"37":{"start":{"line":62,"column":18},"end":{"line":62,"column":95}},"38":{"start":{"line":63,"column":4},"end":{"line":63,"column":99}},"39":{"start":{"line":65,"column":4},"end":{"line":65,"column":55}},"40":{"start":{"line":69,"column":0},"end":{"line":79,"column":3}},"41":{"start":{"line":70,"column":2},"end":{"line":78,"column":3}},"42":{"start":{"line":71,"column":36},"end":{"line":71,"column":44}},"43":{"start":{"line":72,"column":4},"end":{"line":72,"column":99}},"44":{"start":{"line":72,"column":36},"end":{"line":72,"column":99}},"45":{"start":{"line":74,"column":21},"end":{"line":74,"column":119}},"46":{"start":{"line":75,"column":4},"end":{"line":75,"column":80}},"47":{"start":{"line":77,"column":4},"end":{"line":77,"column":62}},"48":{"start":{"line":81,"column":0},"end":{"line":94,"column":3}},"49":{"start":{"line":82,"column":2},"end":{"line":93,"column":3}},"50":{"start":{"line":83,"column":31},"end":{"line":83,"column":39}},"51":{"start":{"line":84,"column":4},"end":{"line":84,"column":91}},"52":{"start":{"line":84,"column":28},"end":{"line":84,"column":91}},"53":{"start":{"line":86,"column":26},"end":{"line":86,"column":36}},"54":{"start":{"line":87,"column":4},"end":{"line":87,"column":56}},"55":{"start":{"line":89,"column":4},"end":{"line":89,"column":144}},"56":{"start":{"line":90,"column":4},"end":{"line":90,"column":63}},"57":{"start":{"line":92,"column":4},"end":{"line":92,"column":61}},"58":{"start":{"line":96,"column":0},"end":{"line":108,"column":3}},"59":{"start":{"line":97,"column":2},"end":{"line":107,"column":3}},"60":{"start":{"line":98,"column":18},"end":{"line":102,"column":51}},"61":{"start":{"line":103,"column":20},"end":{"line":103,"column":41}},"62":{"start":{"line":104,"column":4},"end":{"line":104,"column":32}},"63":{"start":{"line":106,"column":4},"end":{"line":106,"column":57}},"64":{"start":{"line":110,"column":0},"end":{"line":110,"column":52}},"65":{"start":{"line":110,"column":27},"end":{"line":110,"column":50}},"66":{"start":{"line":112,"column":0},"end":{"line":116,"column":1}},"67":{"start":{"line":113,"column":4},"end":{"line":115,"column":7}},"68":{"start":{"line":114,"column":6},"end":{"line":114,"column":69}},"69":{"start":{"line":118,"column":0},"end":{"line":118,"column":21}}},"fnMap":{"0":{"name":"(anonymous_0)","decl":{"start":{"line":32,"column":26},"end":{"line":32,"column":27}},"loc":{"start":{"line":32,"column":46},"end":{"line":48,"column":1}},"line":32},"1":{"name":"(anonymous_1)","decl":{"start":{"line":50,"column":23},"end":{"line":50,"column":24}},"loc":{"start":{"line":50,"column":43},"end":{"line":67,"column":1}},"line":50},"2":{"name":"(anonymous_2)","decl":{"start":{"line":69,"column":23},"end":{"line":69,"column":24}},"loc":{"start":{"line":69,"column":43},"end":{"line":79,"column":1}},"line":69},"3":{"name":"(anonymous_3)","decl":{"start":{"line":81,"column":23},"end":{"line":81,"column":24}},"loc":{"start":{"line":81,"column":43},"end":{"line":94,"column":1}},"line":81},"4":{"name":"(anonymous_4)","decl":{"start":{"line":96,"column":22},"end":{"line":96,"column":23}},"loc":{"start":{"line":96,"column":42},"end":{"line":108,"column":1}},"line":96},"5":{"name":"(anonymous_5)","decl":{"start":{"line":110,"column":13},"end":{"line":110,"column":14}},"loc":{"start":{"line":110,"column":27},"end":{"line":110,"column":50}},"line":110},"6":{"name":"(anonymous_6)","decl":{"start":{"line":113,"column":21},"end":{"line":113,"column":22}},"loc":{"start":{"line":113,"column":27},"end":{"line":115,"column":5}},"line":113}},"branchMap":{"0":{"loc":{"start":{"line":35,"column":4},"end":{"line":35,"column":92}},"type":"if","locations":[{"start":{"line":35,"column":4},"end":{"line":35,"column":92}},{"start":{},"end":{}}],"line":35},"1":{"loc":{"start":{"line":35,"column":8},"end":{"line":35,"column":27}},"type":"binary-expr","locations":[{"start":{"line":35,"column":8},"end":{"line":35,"column":14}},{"start":{"line":35,"column":18},"end":{"line":35,"column":27}}],"line":35},"2":{"loc":{"start":{"line":38,"column":4},"end":{"line":38,"column":96}},"type":"if","locations":[{"start":{"line":38,"column":4},"end":{"line":38,"column":96}},{"start":{},"end":{}}],"line":38},"3":{"loc":{"start":{"line":53,"column":4},"end":{"line":53,"column":92}},"type":"if","locations":[{"start":{"line":53,"column":4},"end":{"line":53,"column":92}},{"start":{},"end":{}}],"line":53},"4":{"loc":{"start":{"line":53,"column":8},"end":{"line":53,"column":27}},"type":"binary-expr","locations":[{"start":{"line":53,"column":8},"end":{"line":53,"column":14}},{"start":{"line":53,"column":18},"end":{"line":53,"column":27}}],"line":53},"5":{"loc":{"start":{"line":56,"column":4},"end":{"line":56,"column":98}},"type":"if","locations":[{"start":{"line":56,"column":4},"end":{"line":56,"column":98}},{"start":{},"end":{}}],"line":56},"6":{"loc":{"start":{"line":60,"column":4},"end":{"line":60,"column":96}},"type":"if","locations":[{"start":{"line":60,"column":4},"end":{"line":60,"column":96}},{"start":{},"end":{}}],"line":60},"7":{"loc":{"start":{"line":72,"column":4},"end":{"line":72,"column":99}},"type":"if","locations":[{"start":{"line":72,"column":4},"end":{"line":72,"column":99}},{"start":{},"end":{}}],"line":72},"8":{"loc":{"start":{"line":72,"column":8},"end":{"line":72,"column":34}},"type":"binary-expr","locations":[{"start":{"line":72,"column":8},"end":{"line":72,"column":15}},{"start":{"line":72,"column":19},"end":{"line":72,"column":25}},{"start":{"line":72,"column":29},"end":{"line":72,"column":34}}],"line":72},"9":{"loc":{"start":{"line":84,"column":4},"end":{"line":84,"column":91}},"type":"if","locations":[{"start":{"line":84,"column":4},"end":{"line":84,"column":91}},{"start":{},"end":{}}],"line":84},"10":{"loc":{"start":{"line":84,"column":8},"end":{"line":84,"column":26}},"type":"binary-expr","locations":[{"start":{"line":84,"column":8},"end":{"line":84,"column":15}},{"start":{"line":84,"column":19},"end":{"line":84,"column":26}}],"line":84},"11":{"loc":{"start":{"line":112,"column":0},"end":{"line":116,"column":1}},"type":"if","locations":[{"start":{"line":112,"column":0},"end":{"line":116,"column":1}},{"start":{},"end":{}}],"line":112}},"s":{"0":1,"1":1,"2":1,"3":1,"4":1,"5":1,"6":1,"7":1,"8":1,"9":1,"10":1,"11":1,"12":1,"13":2,"14":2,"15":2,"16":0,"17":2,"18":2,"19":1,"20":1,"21":1,"22":1,"23":1,"24":0,"25":1,"26":2,"27":2,"28":2,"29":0,"30":2,"31":2,"32":1,"33":1,"34":1,"35":1,"36":0,"37":1,"38":1,"39":0,"40":1,"41":2,"42":2,"43":2,"44":1,"45":1,"46":1,"47":0,"48":1,"49":1,"50":1,"51":1,"52":0,"53":1,"54":1,"55":1,"56":1,"57":0,"58":1,"59":1,"60":1,"61":1,"62":1,"63":0,"64":1,"65":0,"66":1,"67":0,"68":0,"69":1},"f":{"0":2,"1":2,"2":2,"3":1,"4":1,"5":0,"6":0},"b":{"0":[0,2],"1":[2,2],"2":[1,1],"3":[0,2],"4":[2,2],"5":[1,1],"6":[0,1],"7":[1,1],"8":[2,2,1],"9":[0,1],"10":[1,1],"11":[0,1]},"_coverageSchema":"1a1c01bbd47fc00a2c39e90264f33305004495a9","hash":"21e19a7a6b0a0db9e48abc77df4add19f4f239a6"}
}
