TN:
SF:index.js
FN:32,(anonymous_0)
FN:50,(anonymous_1)
FN:69,(anonymous_2)
FN:81,(anonymous_3)
FN:96,(anonymous_4)
FN:110,(anonymous_5)
FN:113,(anonymous_6)
FNF:7
FNH:5
FNDA:2,(anonymous_0)
FNDA:2,(anonymous_1)
FNDA:2,(anonymous_2)
FNDA:1,(anonymous_3)
FNDA:1,(anonymous_4)
FNDA:0,(anonymous_5)
FNDA:0,(anonymous_6)
DA:3,1
DA:4,1
DA:5,1
DA:6,1
DA:7,1
DA:8,1
DA:10,1
DA:11,1
DA:13,1
DA:18,1
DA:20,1
DA:29,1
DA:32,1
DA:33,2
DA:34,2
DA:35,2
DA:37,2
DA:38,2
DA:40,1
DA:41,1
DA:43,1
DA:44,1
DA:46,0
DA:50,1
DA:51,2
DA:52,2
DA:53,2
DA:55,2
DA:56,2
DA:58,1
DA:59,1
DA:60,1
DA:62,1
DA:63,1
DA:65,0
DA:69,1
DA:70,2
DA:71,2
DA:72,2
DA:74,1
DA:75,1
DA:77,0
DA:81,1
DA:82,1
DA:83,1
DA:84,1
DA:86,1
DA:87,1
DA:89,1
DA:90,1
DA:92,0
DA:96,1
DA:97,1
DA:98,1
DA:103,1
DA:104,1
DA:106,0
DA:110,1
DA:112,1
DA:113,0
DA:114,0
DA:118,1
LF:62
LH:55
BRDA:35,0,0,0
BRDA:35,0,1,2
BRDA:35,1,0,2
BRDA:35,1,1,2
BRDA:38,2,0,1
BRDA:38,2,1,1
BRDA:53,3,0,0
BRDA:53,3,1,2
BRDA:53,4,0,2
BRDA:53,4,1,2
BRDA:56,5,0,1
BRDA:56,5,1,1
BRDA:60,6,0,0
BRDA:60,6,1,1
BRDA:72,7,0,1
BRDA:72,7,1,1
BRDA:72,8,0,2
BRDA:72,8,1,2
BRDA:72,8,2,1
BRDA:84,9,0,0
BRDA:84,9,1,1
BRDA:84,10,0,1
BRDA:84,10,1,1
BRDA:112,11,0,0
BRDA:112,11,1,1
BRF:25
BRH:20
end_of_record
